[23:54:24] [main/INFO]: Setting user: Player422
[23:54:24] [Client thread/INFO]: LWJGL Version: 2.9.1
[23:54:31] [Client thread/INFO]: Reloading ResourceManager: Default, FMLFileResourcePack:Forge Mod Loader, FMLFileResourcePack:Minecraft Forge, FMLFileResourcePack:TFC+ Rotarycraft
[23:54:32] [Sound Library Loader/INFO]: Sound engine started
[23:54:33] [Client thread/INFO]: Created: 16x16 textures/blocks-atlas
[23:54:33] [Client thread/INFO]: Created: 16x16 textures/items-atlas
[23:56:39] [Client thread/INFO]: Stopping!
[23:56:45] [main/INFO]: Setting user: Player903
[23:56:46] [main/INFO]: Setting user: Player110
[00:02:02] [main/INFO]: Setting user: Player891
[00:02:04] [Client thread/INFO]: LWJGL Version: 2.9.1
[00:02:13] [Client thread/INFO]: Reloading ResourceManager: Default, FMLFileResourcePack:Forge Mod Loader, FMLFileResourcePack:Minecraft Forge, FMLFileResourcePack:TFC+ Rotarycraft, FMLFileResourcePack:TerraFirmaCraft+, FMLFileResourcePack:DragonAPI
[00:02:17] [Sound Library Loader/INFO]: Sound engine started
[00:09:50] [main/INFO]: Setting user: Player991
[00:09:52] [Client thread/INFO]: LWJGL Version: 2.9.1
[00:10:00] [Client thread/INFO]: Reloading ResourceManager: Default, FMLFileResourcePack:Forge Mod Loader, FMLFileResourcePack:Minecraft Forge, FMLFileResourcePack:TFC+ Rotarycraft, FMLFileResourcePack:TerraFirmaCraft+, FMLFileResourcePack:DragonAPI
[00:10:05] [Sound Library Loader/INFO]: Sound engine started
[00:11:07] [main/INFO]: Setting user: Player528
[00:11:08] [Client thread/INFO]: LWJGL Version: 2.9.1
[00:11:17] [Client thread/INFO]: Reloading ResourceManager: Default, FMLFileResourcePack:Forge Mod Loader, FMLFileResourcePack:Minecraft Forge, FMLFileResourcePack:TFC+ Rotarycraft, FMLFileResourcePack:TerraFirmaCraft+, FMLFileResourcePack:DragonAPI
[00:11:21] [Sound Library Loader/INFO]: Sound engine started
